# JRE version: Java(TM) SE Runtime Environment (23.0.1+11) (build 23.0.1+11-39)
# Java VM: Java HotSpot(TM) 64-Bit Server VM (23.0.1+11-39, mixed mode, sharing, tiered, compressed oops, compressed class ptrs, g1 gc, windows-amd64)
GC Precious Log:
 CardTable entry size: 512
 Card Set container configuration: InlinePtr #cards 5 size 8 Array Of Cards #cards 10 size 36 Howl #buckets 4 coarsen threshold 1843 Howl Bitmap #cards 512 size 80 coarsen threshold 460 Card regions per heap region 1 cards per card region 2048
 CPUs: 8 total, 8 available
 Memory: 7914M
 Large Page Support: Disabled
 NUMA Support: Disabled
 Compressed Oops: Enabled (32-bit)
 Heap Region Size: 1M
 Heap Min Capacity: 8M
 Heap Initial Capacity: 124M
 Heap Max Capacity: 2G
 Pre-touch: Disabled
 Parallel Workers: 8
 Concurrent Workers: 2
 Concurrent Refinement Workers: 8
 Periodic GC: Disabled
Heap:
 garbage-first heap   total reserved 2097152K, committed 116736K, used 73176K [0x0000000080000000, 0x0000000100000000)
  region size 1024K, 4 young (4096K), 3 survivors (3072K)
 Metaspace       used 90121K, committed 91904K, reserved 1179648K
  class space    used 12145K, committed 12992K, reserved 1048576K
GC Heap History (20 events):
Event: 46.256 GC heap before
{Heap before GC invocations=19 (full 0):
 garbage-first heap   total reserved 2097152K, committed 87040K, used 61566K [0x0000000080000000, 0x0000000100000000)
  region size 1024K, 19 young (19456K), 4 survivors (4096K)
 Metaspace       used 57843K, committed 59264K, reserved 1114112K
  class space    used 8474K, committed 9152K, reserved 1048576K
}
Event: 46.262 GC heap after
{Heap after GC invocations=20 (full 0):
 garbage-first heap   total reserved 2097152K, committed 87040K, used 48683K [0x0000000080000000, 0x0000000100000000)
  region size 1024K, 4 young (4096K), 4 survivors (4096K)
 Metaspace       used 57843K, committed 59264K, reserved 1114112K
  class space    used 8474K, committed 9152K, reserved 1048576K
}
Event: 47.030 GC heap before
{Heap before GC invocations=21 (full 0):
 garbage-first heap   total reserved 2097152K, committed 96256K, used 82475K [0x0000000080000000, 0x0000000100000000)
  region size 1024K, 30 young (30720K), 4 survivors (4096K)
 Metaspace       used 60553K, committed 61952K, reserved 1114112K
  class space    used 8767K, committed 9408K, reserved 1048576K
}
Event: 47.036 GC heap after
{Heap after GC invocations=22 (full 0):
 garbage-first heap   total reserved 2097152K, committed 96256K, used 58105K [0x0000000080000000, 0x0000000100000000)
  region size 1024K, 4 young (4096K), 4 survivors (4096K)
 Metaspace       used 60553K, committed 61952K, reserved 1114112K
  class space    used 8767K, committed 9408K, reserved 1048576K
}
Event: 47.537 GC heap before
{Heap before GC invocations=22 (full 0):
 garbage-first heap   total reserved 2097152K, committed 96256K, used 84729K [0x0000000080000000, 0x0000000100000000)
  region size 1024K, 30 young (30720K), 4 survivors (4096K)
 Metaspace       used 63999K, committed 65600K, reserved 1114112K
  class space    used 9106K, committed 9856K, reserved 1048576K
}
Event: 47.543 GC heap after
{Heap after GC invocations=23 (full 0):
 garbage-first heap   total reserved 2097152K, committed 96256K, used 59226K [0x0000000080000000, 0x0000000100000000)
  region size 1024K, 2 young (2048K), 2 survivors (2048K)
 Metaspace       used 63999K, committed 65600K, reserved 1114112K
  class space    used 9106K, committed 9856K, reserved 1048576K
}
Event: 48.442 GC heap before
{Heap before GC invocations=23 (full 0):
 garbage-first heap   total reserved 2097152K, committed 96256K, used 87898K [0x0000000080000000, 0x0000000100000000)
  region size 1024K, 30 young (30720K), 2 survivors (2048K)
 Metaspace       used 67337K, committed 69120K, reserved 1114112K
  class space    used 9573K, committed 10432K, reserved 1048576K
}
Event: 48.448 GC heap after
{Heap after GC invocations=24 (full 0):
 garbage-first heap   total reserved 2097152K, committed 115712K, used 60530K [0x0000000080000000, 0x0000000100000000)
  region size 1024K, 4 young (4096K), 4 survivors (4096K)
 Metaspace       used 67337K, committed 69120K, reserved 1114112K
  class space    used 9573K, committed 10432K, reserved 1048576K
}
Event: 49.287 GC heap before
{Heap before GC invocations=25 (full 0):
 garbage-first heap   total reserved 2097152K, committed 115712K, used 102514K [0x0000000080000000, 0x0000000100000000)
  region size 1024K, 44 young (45056K), 4 survivors (4096K)
 Metaspace       used 72349K, committed 74112K, reserved 1114112K
  class space    used 10214K, committed 11072K, reserved 1048576K
}
Event: 49.293 GC heap after
{Heap after GC invocations=26 (full 0):
 garbage-first heap   total reserved 2097152K, committed 115712K, used 63533K [0x0000000080000000, 0x0000000100000000)
  region size 1024K, 6 young (6144K), 6 survivors (6144K)
 Metaspace       used 72349K, committed 74112K, reserved 1114112K
  class space    used 10214K, committed 11072K, reserved 1048576K
}
Event: 49.831 GC heap before
{Heap before GC invocations=26 (full 0):
 garbage-first heap   total reserved 2097152K, committed 115712K, used 101421K [0x0000000080000000, 0x0000000100000000)
  region size 1024K, 43 young (44032K), 6 survivors (6144K)
 Metaspace       used 74030K, committed 75840K, reserved 1114112K
  class space    used 10398K, committed 11264K, reserved 1048576K
}
Event: 49.844 GC heap after
{Heap after GC invocations=27 (full 0):
 garbage-first heap   total reserved 2097152K, committed 115712K, used 65092K [0x0000000080000000, 0x0000000100000000)
  region size 1024K, 3 young (3072K), 3 survivors (3072K)
 Metaspace       used 74030K, committed 75840K, reserved 1114112K
  class space    used 10398K, committed 11264K, reserved 1048576K
}
Event: 50.575 GC heap before
{Heap before GC invocations=27 (full 0):
 garbage-first heap   total reserved 2097152K, committed 115712K, used 104004K [0x0000000080000000, 0x0000000100000000)
  region size 1024K, 41 young (41984K), 3 survivors (3072K)
 Metaspace       used 76335K, committed 78080K, reserved 1179648K
  class space    used 10658K, committed 11520K, reserved 1048576K
}
Event: 50.582 GC heap after
{Heap after GC invocations=28 (full 0):
 garbage-first heap   total reserved 2097152K, committed 115712K, used 68750K [0x0000000080000000, 0x0000000100000000)
  region size 1024K, 6 young (6144K), 6 survivors (6144K)
 Metaspace       used 76335K, committed 78080K, reserved 1179648K
  class space    used 10658K, committed 11520K, reserved 1048576K
}
Event: 51.559 GC heap before
{Heap before GC invocations=29 (full 0):
 garbage-first heap   total reserved 2097152K, committed 116736K, used 101518K [0x0000000080000000, 0x0000000100000000)
  region size 1024K, 38 young (38912K), 6 survivors (6144K)
 Metaspace       used 80066K, committed 81856K, reserved 1179648K
  class space    used 11028K, committed 11904K, reserved 1048576K
}
Event: 51.570 GC heap after
{Heap after GC invocations=30 (full 0):
 garbage-first heap   total reserved 2097152K, committed 116736K, used 71441K [0x0000000080000000, 0x0000000100000000)
  region size 1024K, 3 young (3072K), 3 survivors (3072K)
 Metaspace       used 80066K, committed 81856K, reserved 1179648K
  class space    used 11028K, committed 11904K, reserved 1048576K
}
Event: 52.362 GC heap before
{Heap before GC invocations=30 (full 0):
 garbage-first heap   total reserved 2097152K, committed 116736K, used 106257K [0x0000000080000000, 0x0000000100000000)
  region size 1024K, 37 young (37888K), 3 survivors (3072K)
 Metaspace       used 84485K, committed 86272K, reserved 1179648K
  class space    used 11588K, committed 12416K, reserved 1048576K
}
Event: 52.368 GC heap after
{Heap after GC invocations=31 (full 0):
 garbage-first heap   total reserved 2097152K, committed 116736K, used 72920K [0x0000000080000000, 0x0000000100000000)
  region size 1024K, 2 young (2048K), 2 survivors (2048K)
 Metaspace       used 84485K, committed 86272K, reserved 1179648K
  class space    used 11588K, committed 12416K, reserved 1048576K
}
Event: 54.809 GC heap before
{Heap before GC invocations=31 (full 0):
 garbage-first heap   total reserved 2097152K, committed 116736K, used 105688K [0x0000000080000000, 0x0000000100000000)
  region size 1024K, 35 young (35840K), 2 survivors (2048K)
 Metaspace       used 90082K, committed 91904K, reserved 1179648K
  class space    used 12140K, committed 12992K, reserved 1048576K
}
Event: 54.813 GC heap after
{Heap after GC invocations=32 (full 0):
 garbage-first heap   total reserved 2097152K, committed 116736K, used 73176K [0x0000000080000000, 0x0000000100000000)
  region size 1024K, 3 young (3072K), 3 survivors (3072K)
 Metaspace       used 90082K, committed 91904K, reserved 1179648K
  class space    used 12140K, committed 12992K, reserved 1048576K
}

